<?xml version="1.0" encoding="UTF-8" standalone="no"?>
<testsuite errors="0" failures="3" name="io.cucumber.core.plugin.JUnitFormatter" skipped="0" tests="3" time="39.545">
    <testcase classname="Account feature" name="Personal informtion and order details" time="38.863">
        <failure message="" type="java.lang.AssertionError">
            <![CDATA[Given User is signed in with valid credentials..............................passed
Given user is on account page...............................................passed
When user gets the details..................................................passed
Then following details are displayed........................................failed

StackTrace:
java.lang.AssertionError
	at org.junit.Assert.fail(Assert.java:87)
	at org.junit.Assert.assertTrue(Assert.java:42)
	at org.junit.Assert.assertTrue(Assert.java:53)
	at com.stepdefinitions.AccountSteps.following_details_are_displayed(AccountSteps.java:57)
	at âœ½.following details are displayed(file:///home/gyanesh/git/POMHybridProject/src/test/resources/com/features/AccountPage.feature:19)
]]>
        </failure>
    </testcase>
    <testcase classname="Account feature" name="Shopping cart is empty" time="0.002">
        <failure message="The scenario has no steps" type="java.lang.Exception"/>
    </testcase>
    <testcase classname="Account feature" name="Shopping cart is not empty" time="0.001">
        <failure message="The scenario has no steps" type="java.lang.Exception"/>
    </testcase>
</testsuite>
