-------------------------------------------------------------------------------
Test set: com.testrunners.TestRunner
-------------------------------------------------------------------------------
Tests run: 7, Failures: 1, Errors: 0, Skipped: 0, Time elapsed: 254.999 s <<< FAILURE! - in com.testrunners.TestRunner
Login with invalid credentials #4(Login feature)  Time elapsed: 17.03 s  <<< FAILURE!
java.lang.AssertionError

