<?xml version="1.0" encoding="UTF-8"?>
<testsuite xmlns:xsi="http://www.w3.org/2001/XMLSchema-instance" xsi:noNamespaceSchemaLocation="https://maven.apache.org/surefire/maven-surefire-plugin/xsd/surefire-test-report.xsd" name="com.testrunners.TestRunner" time="254.999" tests="7" errors="0" skipped="0" failures="1">
  <properties>
[...]
</properties>
  <testcase name="Login page title" classname="Login feature" time="103.309"/>
  <testcase name="forgot password link" classname="Login feature" time="31.022"/>
  <testcase name="Login with valid credentials" classname="Login feature" time="25.455"/>
  <testcase name="Login with invalid credentials #1" classname="Login feature" time="25.746"/>
  <testcase name="Login with invalid credentials #2" classname="Login feature" time="21.94"/>
  <testcase name="Login with invalid credentials #3" classname="Login feature" time="17.097"/>
  <testcase name="Login with invalid credentials #4" classname="Login feature" time="17.03">
    <failure type="java.lang.AssertionError">java.lang.AssertionError
</failure>
    <system-out><![CDATA[
@All @LoginFeature @login @critical @negative
Scenario Outline: Login with invalid credentials &amp#27;[90m# src/test/resources/com/features/LoginPage.feature:38&amp#27;[0m
Browser value is:firefox
Step: On Login Page
  &amp#27;[32mGiven &amp#27;[0m&amp#27;[32muser is on login page&amp#27;[0m                    &amp#27;[90m# com.stepdefinitions.LoginSteps.user_is_on_login_page()&amp#27;[0m
Step: User Enters User ID: demo@gkm.com
  &amp#27;[32mWhen &amp#27;[0m&amp#27;[32muser type &amp#27;[0m&amp#27;[32m&amp#27;[1m"demo@gkm.com"&amp#27;[0m&amp#27;[32m in email textbox&amp#27;[0m &amp#27;[90m# com.stepdefinitions.LoginSteps.user_type_in_email_textbox(java.lang.String)&amp#27;[0m
Step: User Enters Password: abc123
  &amp#27;[32mAnd &amp#27;[0m&amp#27;[32muser type &amp#27;[0m&amp#27;[32m&amp#27;[1m"abc123"&amp#27;[0m&amp#27;[32m in password textbox&amp#27;[0m     &amp#27;[90m# com.stepdefinitions.LoginSteps.user_type_in_password_textbox(java.lang.String)&amp#27;[0m
Step: User Clicks on Login Button
  &amp#27;[32mAnd &amp#27;[0m&amp#27;[32muser clicks on login button&amp#27;[0m                &amp#27;[90m# com.stepdefinitions.LoginSteps.user_clicks_on_login_button()&amp#27;[0m
Step: User gets Error message
  &amp#27;[31mThen &amp#27;[0m&amp#27;[31muser gets error message&amp#27;[0m                   &amp#27;[90m# com.stepdefinitions.LoginSteps.user_gets_error_message()&amp#27;[0m
      &amp#27;[31mjava.lang.AssertionError
	at org.junit.Assert.fail(Assert.java:87)
	at org.junit.Assert.assertTrue(Assert.java:42)
	at org.junit.Assert.assertTrue(Assert.java:53)
	at com.stepdefinitions.LoginSteps.user_gets_error_message(LoginSteps.java:82)
	at ✽.user gets error message(file:///home/gyanesh/git/POMHybridProject/src/test/resources/com/features/LoginPage.feature:31)
&amp#27;[0m

    Embedding Login_with_invalid_credentials [image/png 89004 bytes]

]]></system-out>
    <system-err><![CDATA[1610082218501	geckodriver	INFO	Listening on 127.0.0.1:26593
1610082218514	mozrunner::runner	INFO	Running command: "/usr/lib/firefox/firefox" "--marionette" "-foreground" "-no-remote" "-profile" "/tmp/rust_mozprofile8CZKDv"
console.warn: SearchSettings: "get: No settings file exists, new profile?" (new Error("", "(unknown module)"))
1610082222451	Marionette	INFO	Listening on port 43999
1610082222618	Marionette	WARN	TLS certificate errors will be ignored for this session
Jan 08, 2021 10:33:42 AM org.openqa.selenium.remote.ProtocolHandshake createSession
INFO: Detected dialect: W3C
1610082234047	Marionette	INFO	Stopped listening on port 43999
]]></system-err>
  </testcase>
</testsuite>