<?xml version="1.0" encoding="UTF-8"?>
<testsuite xmlns:xsi="http://www.w3.org/2001/XMLSchema-instance" xsi:noNamespaceSchemaLocation="https://maven.apache.org/surefire/maven-surefire-plugin/xsd/surefire-test-report.xsd" name="com.testrunners.TestAccountPageRunner" time="48.917" tests="3" errors="0" skipped="0" failures="1">
  <properties>
[...]
</properties>
  <testcase name="Personal informtion and order details" classname="Account feature" time="39.329">
    <failure type="java.lang.AssertionError">java.lang.AssertionError
</failure>
    <system-out><![CDATA[
Scenario: Personal informtion and order details  &amp#27;[90m# src/test/resources/com/features/AccountPage.feature:16&amp#27;[0m
Browser value is:chrome
Logging in with userId: demo@gkm.com and password: abc123
  &amp#27;[32mGiven &amp#27;[0m&amp#27;[32mUser is signed in with valid credentials&amp#27;[0m &amp#27;[90m# com.stepdefinitions.AccountSteps.user_is_signed_in_with_valid_credentials(io.cucumber.datatable.DataTable)&amp#27;[0m
Step: User is on account page: http://automationpractice.com/index.php?controller=my-account
  &amp#27;[32mGiven &amp#27;[0m&amp#27;[32muser is on account page&amp#27;[0m                  &amp#27;[90m# com.stepdefinitions.AccountSteps.user_is_on_account_page()&amp#27;[0m
Step: User gets the details
  &amp#27;[32mWhen &amp#27;[0m&amp#27;[32muser gets the details&amp#27;[0m                     &amp#27;[90m# com.stepdefinitions.AccountSteps.user_gets_the_details()&amp#27;[0m
ORDER HISTORY AND DETAILS
MY CREDIT SLIPS
MY ADDRESSES
MY PERSONAL INFORMATION
MY WISHLISTS
Detail: Order history and details
  &amp#27;[31mThen &amp#27;[0m&amp#27;[31mfollowing details are displayed&amp#27;[0m           &amp#27;[90m# com.stepdefinitions.AccountSteps.following_details_are_displayed(io.cucumber.datatable.DataTable)&amp#27;[0m
      &amp#27;[31mjava.lang.AssertionError
	at org.junit.Assert.fail(Assert.java:87)
	at org.junit.Assert.assertTrue(Assert.java:42)
	at org.junit.Assert.assertTrue(Assert.java:53)
	at com.stepdefinitions.AccountSteps.following_details_are_displayed(AccountSteps.java:57)
	at ✽.following details are displayed(file:///home/gyanesh/git/POMHybridProject/src/test/resources/com/features/AccountPage.feature:19)
&amp#27;[0m

    Embedding Personal_informtion_and_order_details [image/png 95506 bytes]

]]></system-out>
    <system-err><![CDATA[SLF4J: Failed to load class "org.slf4j.impl.StaticLoggerBinder".
SLF4J: Defaulting to no-operation (NOP) logger implementation
SLF4J: See http://www.slf4j.org/codes.html#StaticLoggerBinder for further details.
Starting ChromeDriver 87.0.4280.88 (89e2380a3e36c3464b5dd1302349b1382549290d-refs/branch-heads/4280@{#1761}) on port 26218
Only local connections are allowed.
Please see https://chromedriver.chromium.org/security-considerations for suggestions on keeping ChromeDriver safe.
ChromeDriver was started successfully.
Jan 07, 2021 12:11:28 PM org.openqa.selenium.remote.ProtocolHandshake createSession
INFO: Detected dialect: W3C
]]></system-err>
  </testcase>
  <testcase name="Shopping cart is empty" classname="Account feature" time="0.024"/>
  <testcase name="Shopping cart is not empty" classname="Account feature" time="0.016"/>
</testsuite>